Exporter version: 5.6.4, Blender version: 2.79 (sub 0)
========= Conversion from Blender to Babylon.js =========
	Scene settings used :
		export scope        :  ALL
		inline textures     :  false
		Positions Precision :  4
		Normals Precision   :  3
		UVs Precision       :  3
		Vert Color Precision:  3
		Mat Weight Precision:  2
		texture directory   :  C:\Users\gsanta\dev\other\thegame\models\furniture\
	Python World class constructor completed
	processing begun of mesh:  polySurface2201
		processing begun of Standard material:  Texture_Atlas.003
			Diffuse texture found "file8.003"
				Image texture found, type:  diffuseTexture, mapped using: "map1"
		num positions      :  908
		num normals        :  908
		num uvs            :  1816
		num uvs2           :  0
		num colors         :  0
		num indices        :  1512
	processing begun of camera (UniversalCamera):  Camera
	processing begun of light (POINT):  Lamp
========= Writing of scene file started =========
========= Writing of scene file completed =========
========= end of processing =========
elapsed time:  0 min, 0.1274 secs
