Exporter version: 5.6.4, Blender version: 2.79 (sub 0)
========= Conversion from Blender to Babylon.js =========
	Scene settings used :
		export scope        :  ALL
		inline textures     :  false
		Positions Precision :  4
		Normals Precision   :  3
		UVs Precision       :  3
		Vert Color Precision:  3
		Mat Weight Precision:  2
		texture directory   :  /home/gsanta/dev/thegame/models/ghost/
	Python World class constructor completed
	processing begun of mesh:  Cylinder
		WARNING: No materials have been assigned: 
		num positions      :  64
		num normals        :  64
		num uvs            :  0
		num uvs2           :  0
		num colors         :  0
		num indices        :  372
	processing begun of mesh:  Sphere
		WARNING: No materials have been assigned: 
		num positions      :  482
		num normals        :  482
		num uvs            :  0
		num uvs2           :  0
		num colors         :  0
		num indices        :  2880
	processing begun of camera (UniversalCamera):  Camera
	processing begun of mesh:  Cylinder.001
		WARNING: No materials have been assigned: 
		num positions      :  64
		num normals        :  64
		num uvs            :  0
		num uvs2           :  0
		num colors         :  0
		num indices        :  372
	processing begun of mesh:  Plane
		processing begun of baked material:  Plane
			Cycles baking texture, type: DIFFUSE, mapped using: BakingUV
			Cycles baking texture, type: EMIT, mapped using: BakingUV
		num positions      :  508778
		num normals        :  508778
		num uvs            :  1017556
		num uvs2           :  0
		num colors         :  0
		num indices        :  2556864
	processing begun of light (HEMI):  Lamp
========= Writing of scene file started =========
========= Writing of scene file completed =========
========= end of processing =========
elapsed time:  2 min, 51.7298 secs
